2017-11-16 18:15:32,546 - SimpleLog4JLogSystem initialized using logfile 'velocity.log'
2017-11-16 18:15:32,546 - ************************************************************** 
2017-11-16 18:15:32,546 - Starting Jakarta Velocity v1.4
2017-11-16 18:15:32,546 - RuntimeInstance initializing.
2017-11-16 18:15:32,546 - Default Properties File: org\apache\velocity\runtime\defaults\velocity.properties
2017-11-16 18:15:32,546 - Trying to use logger class org.apache.velocity.runtime.log.SimpleLog4JLogSystem
2017-11-16 18:15:32,546 - Using logger class org.apache.velocity.runtime.log.SimpleLog4JLogSystem
2017-11-16 18:15:32,549 - Default ResourceManager initializing. (class org.apache.velocity.runtime.resource.ResourceManagerImpl)
2017-11-16 18:15:32,551 - Resource Loader Instantiated: org.apache.velocity.runtime.resource.loader.ClasspathResourceLoader
2017-11-16 18:15:32,551 - ClasspathResourceLoader : initialization starting.
2017-11-16 18:15:32,551 - ClasspathResourceLoader : initialization complete.
2017-11-16 18:15:32,552 - ResourceCache : initialized. (class org.apache.velocity.runtime.resource.ResourceCacheImpl)
2017-11-16 18:15:32,552 - Default ResourceManager initialization complete.
2017-11-16 18:15:32,554 - Loaded System Directive: org.apache.velocity.runtime.directive.Literal
2017-11-16 18:15:32,555 - Loaded System Directive: org.apache.velocity.runtime.directive.Macro
2017-11-16 18:15:32,557 - Loaded System Directive: org.apache.velocity.runtime.directive.Parse
2017-11-16 18:15:32,558 - Loaded System Directive: org.apache.velocity.runtime.directive.Include
2017-11-16 18:15:32,559 - Loaded System Directive: org.apache.velocity.runtime.directive.Foreach
2017-11-16 18:15:32,578 - Created: 20 parsers.
2017-11-16 18:15:32,584 - Velocimacro : initialization starting.
2017-11-16 18:15:32,584 - Velocimacro : adding VMs from VM library template : VM_global_library.vm
2017-11-16 18:15:32,592 - ResourceManager : unable to find resource 'VM_global_library.vm' in any resource loader.
2017-11-16 18:15:32,592 - Velocimacro : error using  VM library template VM_global_library.vm : org.apache.velocity.exception.ResourceNotFoundException: Unable to find resource 'VM_global_library.vm'
2017-11-16 18:15:32,592 - Velocimacro :  VM library template macro registration complete.
2017-11-16 18:15:32,592 - Velocimacro : allowInline = true : VMs can be defined inline in templates
2017-11-16 18:15:32,592 - Velocimacro : allowInlineToOverride = false : VMs defined inline may NOT replace previous VM definitions
2017-11-16 18:15:32,592 - Velocimacro : allowInlineLocal = false : VMs defined inline will be  global in scope if allowed.
2017-11-16 18:15:32,592 - Velocimacro : messages on  : VM system will output logging messages
2017-11-16 18:15:32,592 - Velocimacro : autoload off  : VM system will not automatically reload global library macros
2017-11-16 18:15:32,592 - Velocimacro : initialization complete.
2017-11-16 18:15:32,592 - Velocity successfully started.
2017-11-16 18:18:42,357 - SimpleLog4JLogSystem initialized using logfile 'velocity.log'
2017-11-16 18:18:42,357 - ************************************************************** 
2017-11-16 18:18:42,357 - Starting Jakarta Velocity v1.4
2017-11-16 18:18:42,357 - RuntimeInstance initializing.
2017-11-16 18:18:42,357 - Default Properties File: org\apache\velocity\runtime\defaults\velocity.properties
2017-11-16 18:18:42,357 - Trying to use logger class org.apache.velocity.runtime.log.SimpleLog4JLogSystem
2017-11-16 18:18:42,357 - Using logger class org.apache.velocity.runtime.log.SimpleLog4JLogSystem
2017-11-16 18:18:42,359 - Default ResourceManager initializing. (class org.apache.velocity.runtime.resource.ResourceManagerImpl)
2017-11-16 18:18:42,361 - Resource Loader Instantiated: org.apache.velocity.runtime.resource.loader.ClasspathResourceLoader
2017-11-16 18:18:42,361 - ClasspathResourceLoader : initialization starting.
2017-11-16 18:18:42,361 - ClasspathResourceLoader : initialization complete.
2017-11-16 18:18:42,362 - ResourceCache : initialized. (class org.apache.velocity.runtime.resource.ResourceCacheImpl)
2017-11-16 18:18:42,362 - Default ResourceManager initialization complete.
2017-11-16 18:18:42,364 - Loaded System Directive: org.apache.velocity.runtime.directive.Literal
2017-11-16 18:18:42,365 - Loaded System Directive: org.apache.velocity.runtime.directive.Macro
2017-11-16 18:18:42,367 - Loaded System Directive: org.apache.velocity.runtime.directive.Parse
2017-11-16 18:18:42,368 - Loaded System Directive: org.apache.velocity.runtime.directive.Include
2017-11-16 18:18:42,369 - Loaded System Directive: org.apache.velocity.runtime.directive.Foreach
2017-11-16 18:18:42,387 - Created: 20 parsers.
2017-11-16 18:18:42,392 - Velocimacro : initialization starting.
2017-11-16 18:18:42,392 - Velocimacro : adding VMs from VM library template : VM_global_library.vm
2017-11-16 18:18:42,399 - ResourceManager : unable to find resource 'VM_global_library.vm' in any resource loader.
2017-11-16 18:18:42,399 - Velocimacro : error using  VM library template VM_global_library.vm : org.apache.velocity.exception.ResourceNotFoundException: Unable to find resource 'VM_global_library.vm'
2017-11-16 18:18:42,399 - Velocimacro :  VM library template macro registration complete.
2017-11-16 18:18:42,399 - Velocimacro : allowInline = true : VMs can be defined inline in templates
2017-11-16 18:18:42,399 - Velocimacro : allowInlineToOverride = false : VMs defined inline may NOT replace previous VM definitions
2017-11-16 18:18:42,399 - Velocimacro : allowInlineLocal = false : VMs defined inline will be  global in scope if allowed.
2017-11-16 18:18:42,399 - Velocimacro : messages on  : VM system will output logging messages
2017-11-16 18:18:42,399 - Velocimacro : autoload off  : VM system will not automatically reload global library macros
2017-11-16 18:18:42,399 - Velocimacro : initialization complete.
2017-11-16 18:18:42,399 - Velocity successfully started.
2017-11-16 18:20:29,710 - SimpleLog4JLogSystem initialized using logfile 'velocity.log'
2017-11-16 18:20:29,710 - ************************************************************** 
2017-11-16 18:20:29,710 - Starting Jakarta Velocity v1.4
2017-11-16 18:20:29,710 - RuntimeInstance initializing.
2017-11-16 18:20:29,710 - Default Properties File: org\apache\velocity\runtime\defaults\velocity.properties
2017-11-16 18:20:29,710 - Trying to use logger class org.apache.velocity.runtime.log.SimpleLog4JLogSystem
2017-11-16 18:20:29,710 - Using logger class org.apache.velocity.runtime.log.SimpleLog4JLogSystem
2017-11-16 18:20:29,712 - Default ResourceManager initializing. (class org.apache.velocity.runtime.resource.ResourceManagerImpl)
2017-11-16 18:20:29,714 - Resource Loader Instantiated: org.apache.velocity.runtime.resource.loader.ClasspathResourceLoader
2017-11-16 18:20:29,714 - ClasspathResourceLoader : initialization starting.
2017-11-16 18:20:29,714 - ClasspathResourceLoader : initialization complete.
2017-11-16 18:20:29,715 - ResourceCache : initialized. (class org.apache.velocity.runtime.resource.ResourceCacheImpl)
2017-11-16 18:20:29,715 - Default ResourceManager initialization complete.
2017-11-16 18:20:29,717 - Loaded System Directive: org.apache.velocity.runtime.directive.Literal
2017-11-16 18:20:29,718 - Loaded System Directive: org.apache.velocity.runtime.directive.Macro
2017-11-16 18:20:29,720 - Loaded System Directive: org.apache.velocity.runtime.directive.Parse
2017-11-16 18:20:29,721 - Loaded System Directive: org.apache.velocity.runtime.directive.Include
2017-11-16 18:20:29,722 - Loaded System Directive: org.apache.velocity.runtime.directive.Foreach
2017-11-16 18:20:29,741 - Created: 20 parsers.
2017-11-16 18:20:29,747 - Velocimacro : initialization starting.
2017-11-16 18:20:29,747 - Velocimacro : adding VMs from VM library template : VM_global_library.vm
2017-11-16 18:20:29,754 - ResourceManager : unable to find resource 'VM_global_library.vm' in any resource loader.
2017-11-16 18:20:29,754 - Velocimacro : error using  VM library template VM_global_library.vm : org.apache.velocity.exception.ResourceNotFoundException: Unable to find resource 'VM_global_library.vm'
2017-11-16 18:20:29,755 - Velocimacro :  VM library template macro registration complete.
2017-11-16 18:20:29,755 - Velocimacro : allowInline = true : VMs can be defined inline in templates
2017-11-16 18:20:29,755 - Velocimacro : allowInlineToOverride = false : VMs defined inline may NOT replace previous VM definitions
2017-11-16 18:20:29,755 - Velocimacro : allowInlineLocal = false : VMs defined inline will be  global in scope if allowed.
2017-11-16 18:20:29,755 - Velocimacro : messages on  : VM system will output logging messages
2017-11-16 18:20:29,755 - Velocimacro : autoload off  : VM system will not automatically reload global library macros
2017-11-16 18:20:29,755 - Velocimacro : initialization complete.
2017-11-16 18:20:29,755 - Velocity successfully started.
2017-11-16 18:22:22,442 - SimpleLog4JLogSystem initialized using logfile 'velocity.log'
2017-11-16 18:22:22,442 - ************************************************************** 
2017-11-16 18:22:22,443 - Starting Jakarta Velocity v1.4
2017-11-16 18:22:22,443 - RuntimeInstance initializing.
2017-11-16 18:22:22,443 - Default Properties File: org\apache\velocity\runtime\defaults\velocity.properties
2017-11-16 18:22:22,443 - Trying to use logger class org.apache.velocity.runtime.log.SimpleLog4JLogSystem
2017-11-16 18:22:22,443 - Using logger class org.apache.velocity.runtime.log.SimpleLog4JLogSystem
2017-11-16 18:22:22,445 - Default ResourceManager initializing. (class org.apache.velocity.runtime.resource.ResourceManagerImpl)
2017-11-16 18:22:22,447 - Resource Loader Instantiated: org.apache.velocity.runtime.resource.loader.ClasspathResourceLoader
2017-11-16 18:22:22,447 - ClasspathResourceLoader : initialization starting.
2017-11-16 18:22:22,447 - ClasspathResourceLoader : initialization complete.
2017-11-16 18:22:22,448 - ResourceCache : initialized. (class org.apache.velocity.runtime.resource.ResourceCacheImpl)
2017-11-16 18:22:22,448 - Default ResourceManager initialization complete.
2017-11-16 18:22:22,450 - Loaded System Directive: org.apache.velocity.runtime.directive.Literal
2017-11-16 18:22:22,451 - Loaded System Directive: org.apache.velocity.runtime.directive.Macro
2017-11-16 18:22:22,453 - Loaded System Directive: org.apache.velocity.runtime.directive.Parse
2017-11-16 18:22:22,454 - Loaded System Directive: org.apache.velocity.runtime.directive.Include
2017-11-16 18:22:22,455 - Loaded System Directive: org.apache.velocity.runtime.directive.Foreach
2017-11-16 18:22:22,473 - Created: 20 parsers.
2017-11-16 18:22:22,478 - Velocimacro : initialization starting.
2017-11-16 18:22:22,479 - Velocimacro : adding VMs from VM library template : VM_global_library.vm
2017-11-16 18:22:22,487 - ResourceManager : unable to find resource 'VM_global_library.vm' in any resource loader.
2017-11-16 18:22:22,487 - Velocimacro : error using  VM library template VM_global_library.vm : org.apache.velocity.exception.ResourceNotFoundException: Unable to find resource 'VM_global_library.vm'
2017-11-16 18:22:22,487 - Velocimacro :  VM library template macro registration complete.
2017-11-16 18:22:22,487 - Velocimacro : allowInline = true : VMs can be defined inline in templates
2017-11-16 18:22:22,487 - Velocimacro : allowInlineToOverride = false : VMs defined inline may NOT replace previous VM definitions
2017-11-16 18:22:22,487 - Velocimacro : allowInlineLocal = false : VMs defined inline will be  global in scope if allowed.
2017-11-16 18:22:22,487 - Velocimacro : messages on  : VM system will output logging messages
2017-11-16 18:22:22,487 - Velocimacro : autoload off  : VM system will not automatically reload global library macros
2017-11-16 18:22:22,487 - Velocimacro : initialization complete.
2017-11-16 18:22:22,487 - Velocity successfully started.
2017-11-16 18:24:13,901 - ResourceManager : found repast/simphony/scenario/Scenario.vt with loader org.apache.velocity.runtime.resource.loader.ClasspathResourceLoader
2017-11-16 18:24:15,447 - ResourceManager : found repast/simphony/scenario/Scenario.vt with loader org.apache.velocity.runtime.resource.loader.ClasspathResourceLoader
2017-11-16 18:25:40,395 - ResourceManager : found repast/simphony/parameter/parameters.vt with loader org.apache.velocity.runtime.resource.loader.ClasspathResourceLoader
2017-11-16 18:26:06,046 - ResourceManager : found repast/simphony/parameter/parameters.vt with loader org.apache.velocity.runtime.resource.loader.ClasspathResourceLoader
2017-11-16 18:26:11,697 - ResourceManager : found repast/simphony/parameter/parameters.vt with loader org.apache.velocity.runtime.resource.loader.ClasspathResourceLoader
2017-11-16 18:26:12,535 - ResourceManager : found repast/simphony/scenario/Scenario.vt with loader org.apache.velocity.runtime.resource.loader.ClasspathResourceLoader
2017-11-16 18:26:44,218 - ResourceManager : found repast/simphony/scenario/Scenario.vt with loader org.apache.velocity.runtime.resource.loader.ClasspathResourceLoader
2017-11-16 18:33:53,156 - SimpleLog4JLogSystem initialized using logfile 'velocity.log'
2017-11-16 18:33:53,156 - ************************************************************** 
2017-11-16 18:33:53,156 - Starting Jakarta Velocity v1.4
2017-11-16 18:33:53,156 - RuntimeInstance initializing.
2017-11-16 18:33:53,156 - Default Properties File: org\apache\velocity\runtime\defaults\velocity.properties
2017-11-16 18:33:53,156 - Trying to use logger class org.apache.velocity.runtime.log.SimpleLog4JLogSystem
2017-11-16 18:33:53,156 - Using logger class org.apache.velocity.runtime.log.SimpleLog4JLogSystem
2017-11-16 18:33:53,159 - Default ResourceManager initializing. (class org.apache.velocity.runtime.resource.ResourceManagerImpl)
2017-11-16 18:33:53,160 - Resource Loader Instantiated: org.apache.velocity.runtime.resource.loader.ClasspathResourceLoader
2017-11-16 18:33:53,161 - ClasspathResourceLoader : initialization starting.
2017-11-16 18:33:53,161 - ClasspathResourceLoader : initialization complete.
2017-11-16 18:33:53,162 - ResourceCache : initialized. (class org.apache.velocity.runtime.resource.ResourceCacheImpl)
2017-11-16 18:33:53,162 - Default ResourceManager initialization complete.
2017-11-16 18:33:53,163 - Loaded System Directive: org.apache.velocity.runtime.directive.Literal
2017-11-16 18:33:53,165 - Loaded System Directive: org.apache.velocity.runtime.directive.Macro
2017-11-16 18:33:53,167 - Loaded System Directive: org.apache.velocity.runtime.directive.Parse
2017-11-16 18:33:53,168 - Loaded System Directive: org.apache.velocity.runtime.directive.Include
2017-11-16 18:33:53,169 - Loaded System Directive: org.apache.velocity.runtime.directive.Foreach
2017-11-16 18:33:53,188 - Created: 20 parsers.
2017-11-16 18:33:53,194 - Velocimacro : initialization starting.
2017-11-16 18:33:53,195 - Velocimacro : adding VMs from VM library template : VM_global_library.vm
2017-11-16 18:33:53,203 - ResourceManager : unable to find resource 'VM_global_library.vm' in any resource loader.
2017-11-16 18:33:53,203 - Velocimacro : error using  VM library template VM_global_library.vm : org.apache.velocity.exception.ResourceNotFoundException: Unable to find resource 'VM_global_library.vm'
2017-11-16 18:33:53,203 - Velocimacro :  VM library template macro registration complete.
2017-11-16 18:33:53,203 - Velocimacro : allowInline = true : VMs can be defined inline in templates
2017-11-16 18:33:53,203 - Velocimacro : allowInlineToOverride = false : VMs defined inline may NOT replace previous VM definitions
2017-11-16 18:33:53,203 - Velocimacro : allowInlineLocal = false : VMs defined inline will be  global in scope if allowed.
2017-11-16 18:33:53,203 - Velocimacro : messages on  : VM system will output logging messages
2017-11-16 18:33:53,203 - Velocimacro : autoload off  : VM system will not automatically reload global library macros
2017-11-16 18:33:53,203 - Velocimacro : initialization complete.
2017-11-16 18:33:53,203 - Velocity successfully started.
2017-11-16 18:44:04,920 - SimpleLog4JLogSystem initialized using logfile 'velocity.log'
2017-11-16 18:44:04,921 - ************************************************************** 
2017-11-16 18:44:04,921 - Starting Jakarta Velocity v1.4
2017-11-16 18:44:04,921 - RuntimeInstance initializing.
2017-11-16 18:44:04,921 - Default Properties File: org\apache\velocity\runtime\defaults\velocity.properties
2017-11-16 18:44:04,921 - Trying to use logger class org.apache.velocity.runtime.log.SimpleLog4JLogSystem
2017-11-16 18:44:04,921 - Using logger class org.apache.velocity.runtime.log.SimpleLog4JLogSystem
2017-11-16 18:44:04,923 - Default ResourceManager initializing. (class org.apache.velocity.runtime.resource.ResourceManagerImpl)
2017-11-16 18:44:04,925 - Resource Loader Instantiated: org.apache.velocity.runtime.resource.loader.ClasspathResourceLoader
2017-11-16 18:44:04,925 - ClasspathResourceLoader : initialization starting.
2017-11-16 18:44:04,925 - ClasspathResourceLoader : initialization complete.
2017-11-16 18:44:04,926 - ResourceCache : initialized. (class org.apache.velocity.runtime.resource.ResourceCacheImpl)
2017-11-16 18:44:04,926 - Default ResourceManager initialization complete.
2017-11-16 18:44:04,928 - Loaded System Directive: org.apache.velocity.runtime.directive.Literal
2017-11-16 18:44:04,929 - Loaded System Directive: org.apache.velocity.runtime.directive.Macro
2017-11-16 18:44:04,931 - Loaded System Directive: org.apache.velocity.runtime.directive.Parse
2017-11-16 18:44:04,933 - Loaded System Directive: org.apache.velocity.runtime.directive.Include
2017-11-16 18:44:04,933 - Loaded System Directive: org.apache.velocity.runtime.directive.Foreach
2017-11-16 18:44:04,952 - Created: 20 parsers.
2017-11-16 18:44:04,957 - Velocimacro : initialization starting.
2017-11-16 18:44:04,957 - Velocimacro : adding VMs from VM library template : VM_global_library.vm
2017-11-16 18:44:04,965 - ResourceManager : unable to find resource 'VM_global_library.vm' in any resource loader.
2017-11-16 18:44:04,965 - Velocimacro : error using  VM library template VM_global_library.vm : org.apache.velocity.exception.ResourceNotFoundException: Unable to find resource 'VM_global_library.vm'
2017-11-16 18:44:04,965 - Velocimacro :  VM library template macro registration complete.
2017-11-16 18:44:04,965 - Velocimacro : allowInline = true : VMs can be defined inline in templates
2017-11-16 18:44:04,966 - Velocimacro : allowInlineToOverride = false : VMs defined inline may NOT replace previous VM definitions
2017-11-16 18:44:04,966 - Velocimacro : allowInlineLocal = false : VMs defined inline will be  global in scope if allowed.
2017-11-16 18:44:04,966 - Velocimacro : messages on  : VM system will output logging messages
2017-11-16 18:44:04,966 - Velocimacro : autoload off  : VM system will not automatically reload global library macros
2017-11-16 18:44:04,966 - Velocimacro : initialization complete.
2017-11-16 18:44:04,966 - Velocity successfully started.
2017-11-16 18:46:18,741 - SimpleLog4JLogSystem initialized using logfile 'velocity.log'
2017-11-16 18:46:18,741 - ************************************************************** 
2017-11-16 18:46:18,741 - Starting Jakarta Velocity v1.4
2017-11-16 18:46:18,741 - RuntimeInstance initializing.
2017-11-16 18:46:18,741 - Default Properties File: org\apache\velocity\runtime\defaults\velocity.properties
2017-11-16 18:46:18,741 - Trying to use logger class org.apache.velocity.runtime.log.SimpleLog4JLogSystem
2017-11-16 18:46:18,741 - Using logger class org.apache.velocity.runtime.log.SimpleLog4JLogSystem
2017-11-16 18:46:18,743 - Default ResourceManager initializing. (class org.apache.velocity.runtime.resource.ResourceManagerImpl)
2017-11-16 18:46:18,745 - Resource Loader Instantiated: org.apache.velocity.runtime.resource.loader.ClasspathResourceLoader
2017-11-16 18:46:18,745 - ClasspathResourceLoader : initialization starting.
2017-11-16 18:46:18,745 - ClasspathResourceLoader : initialization complete.
2017-11-16 18:46:18,747 - ResourceCache : initialized. (class org.apache.velocity.runtime.resource.ResourceCacheImpl)
2017-11-16 18:46:18,747 - Default ResourceManager initialization complete.
2017-11-16 18:46:18,748 - Loaded System Directive: org.apache.velocity.runtime.directive.Literal
2017-11-16 18:46:18,749 - Loaded System Directive: org.apache.velocity.runtime.directive.Macro
2017-11-16 18:46:18,751 - Loaded System Directive: org.apache.velocity.runtime.directive.Parse
2017-11-16 18:46:18,752 - Loaded System Directive: org.apache.velocity.runtime.directive.Include
2017-11-16 18:46:18,753 - Loaded System Directive: org.apache.velocity.runtime.directive.Foreach
2017-11-16 18:46:18,771 - Created: 20 parsers.
2017-11-16 18:46:18,777 - Velocimacro : initialization starting.
2017-11-16 18:46:18,777 - Velocimacro : adding VMs from VM library template : VM_global_library.vm
2017-11-16 18:46:18,784 - ResourceManager : unable to find resource 'VM_global_library.vm' in any resource loader.
2017-11-16 18:46:18,785 - Velocimacro : error using  VM library template VM_global_library.vm : org.apache.velocity.exception.ResourceNotFoundException: Unable to find resource 'VM_global_library.vm'
2017-11-16 18:46:18,785 - Velocimacro :  VM library template macro registration complete.
2017-11-16 18:46:18,785 - Velocimacro : allowInline = true : VMs can be defined inline in templates
2017-11-16 18:46:18,785 - Velocimacro : allowInlineToOverride = false : VMs defined inline may NOT replace previous VM definitions
2017-11-16 18:46:18,785 - Velocimacro : allowInlineLocal = false : VMs defined inline will be  global in scope if allowed.
2017-11-16 18:46:18,785 - Velocimacro : messages on  : VM system will output logging messages
2017-11-16 18:46:18,785 - Velocimacro : autoload off  : VM system will not automatically reload global library macros
2017-11-16 18:46:18,785 - Velocimacro : initialization complete.
2017-11-16 18:46:18,785 - Velocity successfully started.
2017-11-16 18:47:28,481 - SimpleLog4JLogSystem initialized using logfile 'velocity.log'
2017-11-16 18:47:28,481 - ************************************************************** 
2017-11-16 18:47:28,481 - Starting Jakarta Velocity v1.4
2017-11-16 18:47:28,481 - RuntimeInstance initializing.
2017-11-16 18:47:28,481 - Default Properties File: org\apache\velocity\runtime\defaults\velocity.properties
2017-11-16 18:47:28,481 - Trying to use logger class org.apache.velocity.runtime.log.SimpleLog4JLogSystem
2017-11-16 18:47:28,481 - Using logger class org.apache.velocity.runtime.log.SimpleLog4JLogSystem
2017-11-16 18:47:28,483 - Default ResourceManager initializing. (class org.apache.velocity.runtime.resource.ResourceManagerImpl)
2017-11-16 18:47:28,485 - Resource Loader Instantiated: org.apache.velocity.runtime.resource.loader.ClasspathResourceLoader
2017-11-16 18:47:28,485 - ClasspathResourceLoader : initialization starting.
2017-11-16 18:47:28,485 - ClasspathResourceLoader : initialization complete.
2017-11-16 18:47:28,486 - ResourceCache : initialized. (class org.apache.velocity.runtime.resource.ResourceCacheImpl)
2017-11-16 18:47:28,486 - Default ResourceManager initialization complete.
2017-11-16 18:47:28,488 - Loaded System Directive: org.apache.velocity.runtime.directive.Literal
2017-11-16 18:47:28,489 - Loaded System Directive: org.apache.velocity.runtime.directive.Macro
2017-11-16 18:47:28,491 - Loaded System Directive: org.apache.velocity.runtime.directive.Parse
2017-11-16 18:47:28,492 - Loaded System Directive: org.apache.velocity.runtime.directive.Include
2017-11-16 18:47:28,493 - Loaded System Directive: org.apache.velocity.runtime.directive.Foreach
2017-11-16 18:47:28,512 - Created: 20 parsers.
2017-11-16 18:47:28,517 - Velocimacro : initialization starting.
2017-11-16 18:47:28,517 - Velocimacro : adding VMs from VM library template : VM_global_library.vm
2017-11-16 18:47:28,525 - ResourceManager : unable to find resource 'VM_global_library.vm' in any resource loader.
2017-11-16 18:47:28,525 - Velocimacro : error using  VM library template VM_global_library.vm : org.apache.velocity.exception.ResourceNotFoundException: Unable to find resource 'VM_global_library.vm'
2017-11-16 18:47:28,525 - Velocimacro :  VM library template macro registration complete.
2017-11-16 18:47:28,525 - Velocimacro : allowInline = true : VMs can be defined inline in templates
2017-11-16 18:47:28,525 - Velocimacro : allowInlineToOverride = false : VMs defined inline may NOT replace previous VM definitions
2017-11-16 18:47:28,525 - Velocimacro : allowInlineLocal = false : VMs defined inline will be  global in scope if allowed.
2017-11-16 18:47:28,525 - Velocimacro : messages on  : VM system will output logging messages
2017-11-16 18:47:28,525 - Velocimacro : autoload off  : VM system will not automatically reload global library macros
2017-11-16 18:47:28,525 - Velocimacro : initialization complete.
2017-11-16 18:47:28,525 - Velocity successfully started.
2017-11-16 18:51:17,725 - SimpleLog4JLogSystem initialized using logfile 'velocity.log'
2017-11-16 18:51:17,725 - ************************************************************** 
2017-11-16 18:51:17,725 - Starting Jakarta Velocity v1.4
2017-11-16 18:51:17,725 - RuntimeInstance initializing.
2017-11-16 18:51:17,725 - Default Properties File: org\apache\velocity\runtime\defaults\velocity.properties
2017-11-16 18:51:17,725 - Trying to use logger class org.apache.velocity.runtime.log.SimpleLog4JLogSystem
2017-11-16 18:51:17,725 - Using logger class org.apache.velocity.runtime.log.SimpleLog4JLogSystem
2017-11-16 18:51:17,727 - Default ResourceManager initializing. (class org.apache.velocity.runtime.resource.ResourceManagerImpl)
2017-11-16 18:51:17,729 - Resource Loader Instantiated: org.apache.velocity.runtime.resource.loader.ClasspathResourceLoader
2017-11-16 18:51:17,729 - ClasspathResourceLoader : initialization starting.
2017-11-16 18:51:17,729 - ClasspathResourceLoader : initialization complete.
2017-11-16 18:51:17,731 - ResourceCache : initialized. (class org.apache.velocity.runtime.resource.ResourceCacheImpl)
2017-11-16 18:51:17,731 - Default ResourceManager initialization complete.
2017-11-16 18:51:17,732 - Loaded System Directive: org.apache.velocity.runtime.directive.Literal
2017-11-16 18:51:17,733 - Loaded System Directive: org.apache.velocity.runtime.directive.Macro
2017-11-16 18:51:17,736 - Loaded System Directive: org.apache.velocity.runtime.directive.Parse
2017-11-16 18:51:17,737 - Loaded System Directive: org.apache.velocity.runtime.directive.Include
2017-11-16 18:51:17,738 - Loaded System Directive: org.apache.velocity.runtime.directive.Foreach
2017-11-16 18:51:17,755 - Created: 20 parsers.
2017-11-16 18:51:17,760 - Velocimacro : initialization starting.
2017-11-16 18:51:17,760 - Velocimacro : adding VMs from VM library template : VM_global_library.vm
2017-11-16 18:51:17,767 - ResourceManager : unable to find resource 'VM_global_library.vm' in any resource loader.
2017-11-16 18:51:17,767 - Velocimacro : error using  VM library template VM_global_library.vm : org.apache.velocity.exception.ResourceNotFoundException: Unable to find resource 'VM_global_library.vm'
2017-11-16 18:51:17,767 - Velocimacro :  VM library template macro registration complete.
2017-11-16 18:51:17,767 - Velocimacro : allowInline = true : VMs can be defined inline in templates
2017-11-16 18:51:17,767 - Velocimacro : allowInlineToOverride = false : VMs defined inline may NOT replace previous VM definitions
2017-11-16 18:51:17,767 - Velocimacro : allowInlineLocal = false : VMs defined inline will be  global in scope if allowed.
2017-11-16 18:51:17,767 - Velocimacro : messages on  : VM system will output logging messages
2017-11-16 18:51:17,768 - Velocimacro : autoload off  : VM system will not automatically reload global library macros
2017-11-16 18:51:17,768 - Velocimacro : initialization complete.
2017-11-16 18:51:17,768 - Velocity successfully started.
2017-11-16 19:04:55,529 - SimpleLog4JLogSystem initialized using logfile 'velocity.log'
2017-11-16 19:04:55,529 - ************************************************************** 
2017-11-16 19:04:55,529 - Starting Jakarta Velocity v1.4
2017-11-16 19:04:55,529 - RuntimeInstance initializing.
2017-11-16 19:04:55,529 - Default Properties File: org\apache\velocity\runtime\defaults\velocity.properties
2017-11-16 19:04:55,529 - Trying to use logger class org.apache.velocity.runtime.log.SimpleLog4JLogSystem
2017-11-16 19:04:55,529 - Using logger class org.apache.velocity.runtime.log.SimpleLog4JLogSystem
2017-11-16 19:04:55,532 - Default ResourceManager initializing. (class org.apache.velocity.runtime.resource.ResourceManagerImpl)
2017-11-16 19:04:55,533 - Resource Loader Instantiated: org.apache.velocity.runtime.resource.loader.ClasspathResourceLoader
2017-11-16 19:04:55,533 - ClasspathResourceLoader : initialization starting.
2017-11-16 19:04:55,533 - ClasspathResourceLoader : initialization complete.
2017-11-16 19:04:55,534 - ResourceCache : initialized. (class org.apache.velocity.runtime.resource.ResourceCacheImpl)
2017-11-16 19:04:55,535 - Default ResourceManager initialization complete.
2017-11-16 19:04:55,536 - Loaded System Directive: org.apache.velocity.runtime.directive.Literal
2017-11-16 19:04:55,537 - Loaded System Directive: org.apache.velocity.runtime.directive.Macro
2017-11-16 19:04:55,539 - Loaded System Directive: org.apache.velocity.runtime.directive.Parse
2017-11-16 19:04:55,540 - Loaded System Directive: org.apache.velocity.runtime.directive.Include
2017-11-16 19:04:55,541 - Loaded System Directive: org.apache.velocity.runtime.directive.Foreach
2017-11-16 19:04:55,559 - Created: 20 parsers.
2017-11-16 19:04:55,565 - Velocimacro : initialization starting.
2017-11-16 19:04:55,565 - Velocimacro : adding VMs from VM library template : VM_global_library.vm
2017-11-16 19:04:55,572 - ResourceManager : unable to find resource 'VM_global_library.vm' in any resource loader.
2017-11-16 19:04:55,572 - Velocimacro : error using  VM library template VM_global_library.vm : org.apache.velocity.exception.ResourceNotFoundException: Unable to find resource 'VM_global_library.vm'
2017-11-16 19:04:55,572 - Velocimacro :  VM library template macro registration complete.
2017-11-16 19:04:55,572 - Velocimacro : allowInline = true : VMs can be defined inline in templates
2017-11-16 19:04:55,572 - Velocimacro : allowInlineToOverride = false : VMs defined inline may NOT replace previous VM definitions
2017-11-16 19:04:55,572 - Velocimacro : allowInlineLocal = false : VMs defined inline will be  global in scope if allowed.
2017-11-16 19:04:55,573 - Velocimacro : messages on  : VM system will output logging messages
2017-11-16 19:04:55,573 - Velocimacro : autoload off  : VM system will not automatically reload global library macros
2017-11-16 19:04:55,573 - Velocimacro : initialization complete.
2017-11-16 19:04:55,573 - Velocity successfully started.
2017-11-17 01:02:17,813 - SimpleLog4JLogSystem initialized using logfile 'velocity.log'
2017-11-17 01:02:17,813 - ************************************************************** 
2017-11-17 01:02:17,813 - Starting Jakarta Velocity v1.4
2017-11-17 01:02:17,813 - RuntimeInstance initializing.
2017-11-17 01:02:17,813 - Default Properties File: org\apache\velocity\runtime\defaults\velocity.properties
2017-11-17 01:02:17,813 - Trying to use logger class org.apache.velocity.runtime.log.SimpleLog4JLogSystem
2017-11-17 01:02:17,813 - Using logger class org.apache.velocity.runtime.log.SimpleLog4JLogSystem
2017-11-17 01:02:17,816 - Default ResourceManager initializing. (class org.apache.velocity.runtime.resource.ResourceManagerImpl)
2017-11-17 01:02:17,817 - Resource Loader Instantiated: org.apache.velocity.runtime.resource.loader.ClasspathResourceLoader
2017-11-17 01:02:17,818 - ClasspathResourceLoader : initialization starting.
2017-11-17 01:02:17,818 - ClasspathResourceLoader : initialization complete.
2017-11-17 01:02:17,819 - ResourceCache : initialized. (class org.apache.velocity.runtime.resource.ResourceCacheImpl)
2017-11-17 01:02:17,819 - Default ResourceManager initialization complete.
2017-11-17 01:02:17,821 - Loaded System Directive: org.apache.velocity.runtime.directive.Literal
2017-11-17 01:02:17,822 - Loaded System Directive: org.apache.velocity.runtime.directive.Macro
2017-11-17 01:02:17,824 - Loaded System Directive: org.apache.velocity.runtime.directive.Parse
2017-11-17 01:02:17,825 - Loaded System Directive: org.apache.velocity.runtime.directive.Include
2017-11-17 01:02:17,826 - Loaded System Directive: org.apache.velocity.runtime.directive.Foreach
2017-11-17 01:02:17,844 - Created: 20 parsers.
2017-11-17 01:02:17,850 - Velocimacro : initialization starting.
2017-11-17 01:02:17,850 - Velocimacro : adding VMs from VM library template : VM_global_library.vm
2017-11-17 01:02:17,857 - ResourceManager : unable to find resource 'VM_global_library.vm' in any resource loader.
2017-11-17 01:02:17,857 - Velocimacro : error using  VM library template VM_global_library.vm : org.apache.velocity.exception.ResourceNotFoundException: Unable to find resource 'VM_global_library.vm'
2017-11-17 01:02:17,857 - Velocimacro :  VM library template macro registration complete.
2017-11-17 01:02:17,858 - Velocimacro : allowInline = true : VMs can be defined inline in templates
2017-11-17 01:02:17,858 - Velocimacro : allowInlineToOverride = false : VMs defined inline may NOT replace previous VM definitions
2017-11-17 01:02:17,858 - Velocimacro : allowInlineLocal = false : VMs defined inline will be  global in scope if allowed.
2017-11-17 01:02:17,858 - Velocimacro : messages on  : VM system will output logging messages
2017-11-17 01:02:17,858 - Velocimacro : autoload off  : VM system will not automatically reload global library macros
2017-11-17 01:02:17,858 - Velocimacro : initialization complete.
2017-11-17 01:02:17,858 - Velocity successfully started.
2017-11-17 01:03:08,529 - ResourceManager : found repast/simphony/scenario/Scenario.vt with loader org.apache.velocity.runtime.resource.loader.ClasspathResourceLoader
2017-11-17 01:05:23,474 - SimpleLog4JLogSystem initialized using logfile 'velocity.log'
2017-11-17 01:05:23,475 - ************************************************************** 
2017-11-17 01:05:23,475 - Starting Jakarta Velocity v1.4
2017-11-17 01:05:23,475 - RuntimeInstance initializing.
2017-11-17 01:05:23,475 - Default Properties File: org\apache\velocity\runtime\defaults\velocity.properties
2017-11-17 01:05:23,475 - Trying to use logger class org.apache.velocity.runtime.log.SimpleLog4JLogSystem
2017-11-17 01:05:23,475 - Using logger class org.apache.velocity.runtime.log.SimpleLog4JLogSystem
2017-11-17 01:05:23,477 - Default ResourceManager initializing. (class org.apache.velocity.runtime.resource.ResourceManagerImpl)
2017-11-17 01:05:23,479 - Resource Loader Instantiated: org.apache.velocity.runtime.resource.loader.ClasspathResourceLoader
2017-11-17 01:05:23,479 - ClasspathResourceLoader : initialization starting.
2017-11-17 01:05:23,479 - ClasspathResourceLoader : initialization complete.
2017-11-17 01:05:23,481 - ResourceCache : initialized. (class org.apache.velocity.runtime.resource.ResourceCacheImpl)
2017-11-17 01:05:23,481 - Default ResourceManager initialization complete.
2017-11-17 01:05:23,483 - Loaded System Directive: org.apache.velocity.runtime.directive.Literal
2017-11-17 01:05:23,484 - Loaded System Directive: org.apache.velocity.runtime.directive.Macro
2017-11-17 01:05:23,486 - Loaded System Directive: org.apache.velocity.runtime.directive.Parse
2017-11-17 01:05:23,487 - Loaded System Directive: org.apache.velocity.runtime.directive.Include
2017-11-17 01:05:23,488 - Loaded System Directive: org.apache.velocity.runtime.directive.Foreach
2017-11-17 01:05:23,507 - Created: 20 parsers.
2017-11-17 01:05:23,513 - Velocimacro : initialization starting.
2017-11-17 01:05:23,513 - Velocimacro : adding VMs from VM library template : VM_global_library.vm
2017-11-17 01:05:23,524 - ResourceManager : unable to find resource 'VM_global_library.vm' in any resource loader.
2017-11-17 01:05:23,524 - Velocimacro : error using  VM library template VM_global_library.vm : org.apache.velocity.exception.ResourceNotFoundException: Unable to find resource 'VM_global_library.vm'
2017-11-17 01:05:23,524 - Velocimacro :  VM library template macro registration complete.
2017-11-17 01:05:23,524 - Velocimacro : allowInline = true : VMs can be defined inline in templates
2017-11-17 01:05:23,524 - Velocimacro : allowInlineToOverride = false : VMs defined inline may NOT replace previous VM definitions
2017-11-17 01:05:23,524 - Velocimacro : allowInlineLocal = false : VMs defined inline will be  global in scope if allowed.
2017-11-17 01:05:23,524 - Velocimacro : messages on  : VM system will output logging messages
2017-11-17 01:05:23,524 - Velocimacro : autoload off  : VM system will not automatically reload global library macros
2017-11-17 01:05:23,524 - Velocimacro : initialization complete.
2017-11-17 01:05:23,524 - Velocity successfully started.
2017-11-17 01:06:50,827 - SimpleLog4JLogSystem initialized using logfile 'velocity.log'
2017-11-17 01:06:50,828 - ************************************************************** 
2017-11-17 01:06:50,828 - Starting Jakarta Velocity v1.4
2017-11-17 01:06:50,828 - RuntimeInstance initializing.
2017-11-17 01:06:50,828 - Default Properties File: org\apache\velocity\runtime\defaults\velocity.properties
2017-11-17 01:06:50,828 - Trying to use logger class org.apache.velocity.runtime.log.SimpleLog4JLogSystem
2017-11-17 01:06:50,828 - Using logger class org.apache.velocity.runtime.log.SimpleLog4JLogSystem
2017-11-17 01:06:50,830 - Default ResourceManager initializing. (class org.apache.velocity.runtime.resource.ResourceManagerImpl)
2017-11-17 01:06:50,832 - Resource Loader Instantiated: org.apache.velocity.runtime.resource.loader.ClasspathResourceLoader
2017-11-17 01:06:50,832 - ClasspathResourceLoader : initialization starting.
2017-11-17 01:06:50,832 - ClasspathResourceLoader : initialization complete.
2017-11-17 01:06:50,833 - ResourceCache : initialized. (class org.apache.velocity.runtime.resource.ResourceCacheImpl)
2017-11-17 01:06:50,833 - Default ResourceManager initialization complete.
2017-11-17 01:06:50,834 - Loaded System Directive: org.apache.velocity.runtime.directive.Literal
2017-11-17 01:06:50,836 - Loaded System Directive: org.apache.velocity.runtime.directive.Macro
2017-11-17 01:06:50,837 - Loaded System Directive: org.apache.velocity.runtime.directive.Parse
2017-11-17 01:06:50,839 - Loaded System Directive: org.apache.velocity.runtime.directive.Include
2017-11-17 01:06:50,839 - Loaded System Directive: org.apache.velocity.runtime.directive.Foreach
2017-11-17 01:06:50,859 - Created: 20 parsers.
2017-11-17 01:06:50,864 - Velocimacro : initialization starting.
2017-11-17 01:06:50,865 - Velocimacro : adding VMs from VM library template : VM_global_library.vm
2017-11-17 01:06:50,872 - ResourceManager : unable to find resource 'VM_global_library.vm' in any resource loader.
2017-11-17 01:06:50,872 - Velocimacro : error using  VM library template VM_global_library.vm : org.apache.velocity.exception.ResourceNotFoundException: Unable to find resource 'VM_global_library.vm'
2017-11-17 01:06:50,872 - Velocimacro :  VM library template macro registration complete.
2017-11-17 01:06:50,872 - Velocimacro : allowInline = true : VMs can be defined inline in templates
2017-11-17 01:06:50,872 - Velocimacro : allowInlineToOverride = false : VMs defined inline may NOT replace previous VM definitions
2017-11-17 01:06:50,872 - Velocimacro : allowInlineLocal = false : VMs defined inline will be  global in scope if allowed.
2017-11-17 01:06:50,873 - Velocimacro : messages on  : VM system will output logging messages
2017-11-17 01:06:50,873 - Velocimacro : autoload off  : VM system will not automatically reload global library macros
2017-11-17 01:06:50,873 - Velocimacro : initialization complete.
2017-11-17 01:06:50,873 - Velocity successfully started.
2017-11-17 01:10:49,932 - SimpleLog4JLogSystem initialized using logfile 'velocity.log'
2017-11-17 01:10:49,932 - ************************************************************** 
2017-11-17 01:10:49,932 - Starting Jakarta Velocity v1.4
2017-11-17 01:10:49,932 - RuntimeInstance initializing.
2017-11-17 01:10:49,932 - Default Properties File: org\apache\velocity\runtime\defaults\velocity.properties
2017-11-17 01:10:49,932 - Trying to use logger class org.apache.velocity.runtime.log.SimpleLog4JLogSystem
2017-11-17 01:10:49,932 - Using logger class org.apache.velocity.runtime.log.SimpleLog4JLogSystem
2017-11-17 01:10:49,934 - Default ResourceManager initializing. (class org.apache.velocity.runtime.resource.ResourceManagerImpl)
2017-11-17 01:10:49,936 - Resource Loader Instantiated: org.apache.velocity.runtime.resource.loader.ClasspathResourceLoader
2017-11-17 01:10:49,936 - ClasspathResourceLoader : initialization starting.
2017-11-17 01:10:49,936 - ClasspathResourceLoader : initialization complete.
2017-11-17 01:10:49,937 - ResourceCache : initialized. (class org.apache.velocity.runtime.resource.ResourceCacheImpl)
2017-11-17 01:10:49,937 - Default ResourceManager initialization complete.
2017-11-17 01:10:49,939 - Loaded System Directive: org.apache.velocity.runtime.directive.Literal
2017-11-17 01:10:49,940 - Loaded System Directive: org.apache.velocity.runtime.directive.Macro
2017-11-17 01:10:49,943 - Loaded System Directive: org.apache.velocity.runtime.directive.Parse
2017-11-17 01:10:49,944 - Loaded System Directive: org.apache.velocity.runtime.directive.Include
2017-11-17 01:10:49,945 - Loaded System Directive: org.apache.velocity.runtime.directive.Foreach
2017-11-17 01:10:49,964 - Created: 20 parsers.
2017-11-17 01:10:49,969 - Velocimacro : initialization starting.
2017-11-17 01:10:49,969 - Velocimacro : adding VMs from VM library template : VM_global_library.vm
2017-11-17 01:10:49,977 - ResourceManager : unable to find resource 'VM_global_library.vm' in any resource loader.
2017-11-17 01:10:49,977 - Velocimacro : error using  VM library template VM_global_library.vm : org.apache.velocity.exception.ResourceNotFoundException: Unable to find resource 'VM_global_library.vm'
2017-11-17 01:10:49,977 - Velocimacro :  VM library template macro registration complete.
2017-11-17 01:10:49,977 - Velocimacro : allowInline = true : VMs can be defined inline in templates
2017-11-17 01:10:49,977 - Velocimacro : allowInlineToOverride = false : VMs defined inline may NOT replace previous VM definitions
2017-11-17 01:10:49,977 - Velocimacro : allowInlineLocal = false : VMs defined inline will be  global in scope if allowed.
2017-11-17 01:10:49,977 - Velocimacro : messages on  : VM system will output logging messages
2017-11-17 01:10:49,977 - Velocimacro : autoload off  : VM system will not automatically reload global library macros
2017-11-17 01:10:49,977 - Velocimacro : initialization complete.
2017-11-17 01:10:49,977 - Velocity successfully started.
